[2024-04-15 08:58:21] local.ERROR: Uncaught InvalidArgumentException: Please provide a valid cache path. in /Users/shehzad/Documents/projects/training/oop/Bank/vendor/laravel/framework/src/Illuminate/View/Compilers/Compiler.php:67
Stack trace:
#0 /Users/shehzad/Documents/projects/training/oop/Bank/vendor/laravel/framework/src/Illuminate/View/ViewServiceProvider.php(96): Illuminate\View\Compilers\Compiler->__construct(Object(Illuminate\Filesystem\Filesystem), false, '', true, 'php')
#1 /Users/shehzad/Documents/projects/training/oop/Bank/vendor/laravel/framework/src/Illuminate/Container/Container.php(900): Illuminate\View\ViewServiceProvider->Illuminate\View\{closure}(Object(Illuminate\Foundation\Application), Array)
#2 /Users/shehzad/Documents/projects/training/oop/Bank/vendor/laravel/framework/src/Illuminate/Container/Container.php(787): Illuminate\Container\Container->build(Object(Closure))
#3 /Users/shehzad/Documents/projects/training/oop/Bank/vendor/laravel/framework/src/Illuminate/Foundation/Application.php(1026): Illuminate\Container\Container->resolve('blade.compiler', Array, true)
#4 /Users/shehzad/Documents/projects/training/oop/Bank/vendor/laravel/framework/src/Illuminate/Container/Container.php(723): Illuminate\Foundation\Application->resolve('blade.compiler', Array)
#5 /Users/shehzad/Documents/projects/training/oop/Bank/vendor/laravel/framework/src/Illuminate/Foundation/Application.php(1011): Illuminate\Container\Container->make('blade.compiler', Array)
#6 /Users/shehzad/Documents/projects/training/oop/Bank/vendor/laravel/framework/src/Illuminate/Foundation/helpers.php(122): Illuminate\Foundation\Application->make('blade.compiler', Array)
#7 Command line code(1): app('Illuminate\\View...')
#8 {main}
  thrown {"exception":"[object] (Symfony\\Component\\ErrorHandler\\Error\\FatalError(code: 0): Uncaught InvalidArgumentException: Please provide a valid cache path. in /Users/shehzad/Documents/projects/training/oop/Bank/vendor/laravel/framework/src/Illuminate/View/Compilers/Compiler.php:67
Stack trace:
#0 /Users/shehzad/Documents/projects/training/oop/Bank/vendor/laravel/framework/src/Illuminate/View/ViewServiceProvider.php(96): Illuminate\\View\\Compilers\\Compiler->__construct(Object(Illuminate\\Filesystem\\Filesystem), false, '', true, 'php')
#1 /Users/shehzad/Documents/projects/training/oop/Bank/vendor/laravel/framework/src/Illuminate/Container/Container.php(900): Illuminate\\View\\ViewServiceProvider->Illuminate\\View\\{closure}(Object(Illuminate\\Foundation\\Application), Array)
#2 /Users/shehzad/Documents/projects/training/oop/Bank/vendor/laravel/framework/src/Illuminate/Container/Container.php(787): Illuminate\\Container\\Container->build(Object(Closure))
#3 /Users/shehzad/Documents/projects/training/oop/Bank/vendor/laravel/framework/src/Illuminate/Foundation/Application.php(1026): Illuminate\\Container\\Container->resolve('blade.compiler', Array, true)
#4 /Users/shehzad/Documents/projects/training/oop/Bank/vendor/laravel/framework/src/Illuminate/Container/Container.php(723): Illuminate\\Foundation\\Application->resolve('blade.compiler', Array)
#5 /Users/shehzad/Documents/projects/training/oop/Bank/vendor/laravel/framework/src/Illuminate/Foundation/Application.php(1011): Illuminate\\Container\\Container->make('blade.compiler', Array)
#6 /Users/shehzad/Documents/projects/training/oop/Bank/vendor/laravel/framework/src/Illuminate/Foundation/helpers.php(122): Illuminate\\Foundation\\Application->make('blade.compiler', Array)
#7 Command line code(1): app('Illuminate\\\\View...')
#8 {main}
  thrown at /Users/shehzad/Documents/projects/training/oop/Bank/vendor/laravel/framework/src/Illuminate/View/Compilers/Compiler.php:67)
[stacktrace]
#0 {main}
"} 
[2024-04-15 09:08:21] local.ERROR: Uncaught InvalidArgumentException: Please provide a valid cache path. in /Users/shehzad/Documents/projects/training/oop/Bank/vendor/laravel/framework/src/Illuminate/View/Compilers/Compiler.php:67
Stack trace:
#0 /Users/shehzad/Documents/projects/training/oop/Bank/vendor/laravel/framework/src/Illuminate/View/ViewServiceProvider.php(96): Illuminate\View\Compilers\Compiler->__construct(Object(Illuminate\Filesystem\Filesystem), false, '', true, 'php')
#1 /Users/shehzad/Documents/projects/training/oop/Bank/vendor/laravel/framework/src/Illuminate/Container/Container.php(900): Illuminate\View\ViewServiceProvider->Illuminate\View\{closure}(Object(Illuminate\Foundation\Application), Array)
#2 /Users/shehzad/Documents/projects/training/oop/Bank/vendor/laravel/framework/src/Illuminate/Container/Container.php(787): Illuminate\Container\Container->build(Object(Closure))
#3 /Users/shehzad/Documents/projects/training/oop/Bank/vendor/laravel/framework/src/Illuminate/Foundation/Application.php(1026): Illuminate\Container\Container->resolve('blade.compiler', Array, true)
#4 /Users/shehzad/Documents/projects/training/oop/Bank/vendor/laravel/framework/src/Illuminate/Container/Container.php(723): Illuminate\Foundation\Application->resolve('blade.compiler', Array)
#5 /Users/shehzad/Documents/projects/training/oop/Bank/vendor/laravel/framework/src/Illuminate/Foundation/Application.php(1011): Illuminate\Container\Container->make('blade.compiler', Array)
#6 /Users/shehzad/Documents/projects/training/oop/Bank/vendor/laravel/framework/src/Illuminate/Foundation/helpers.php(122): Illuminate\Foundation\Application->make('blade.compiler', Array)
#7 Command line code(1): app('Illuminate\\View...')
#8 {main}
  thrown {"exception":"[object] (Symfony\\Component\\ErrorHandler\\Error\\FatalError(code: 0): Uncaught InvalidArgumentException: Please provide a valid cache path. in /Users/shehzad/Documents/projects/training/oop/Bank/vendor/laravel/framework/src/Illuminate/View/Compilers/Compiler.php:67
Stack trace:
#0 /Users/shehzad/Documents/projects/training/oop/Bank/vendor/laravel/framework/src/Illuminate/View/ViewServiceProvider.php(96): Illuminate\\View\\Compilers\\Compiler->__construct(Object(Illuminate\\Filesystem\\Filesystem), false, '', true, 'php')
#1 /Users/shehzad/Documents/projects/training/oop/Bank/vendor/laravel/framework/src/Illuminate/Container/Container.php(900): Illuminate\\View\\ViewServiceProvider->Illuminate\\View\\{closure}(Object(Illuminate\\Foundation\\Application), Array)
#2 /Users/shehzad/Documents/projects/training/oop/Bank/vendor/laravel/framework/src/Illuminate/Container/Container.php(787): Illuminate\\Container\\Container->build(Object(Closure))
#3 /Users/shehzad/Documents/projects/training/oop/Bank/vendor/laravel/framework/src/Illuminate/Foundation/Application.php(1026): Illuminate\\Container\\Container->resolve('blade.compiler', Array, true)
#4 /Users/shehzad/Documents/projects/training/oop/Bank/vendor/laravel/framework/src/Illuminate/Container/Container.php(723): Illuminate\\Foundation\\Application->resolve('blade.compiler', Array)
#5 /Users/shehzad/Documents/projects/training/oop/Bank/vendor/laravel/framework/src/Illuminate/Foundation/Application.php(1011): Illuminate\\Container\\Container->make('blade.compiler', Array)
#6 /Users/shehzad/Documents/projects/training/oop/Bank/vendor/laravel/framework/src/Illuminate/Foundation/helpers.php(122): Illuminate\\Foundation\\Application->make('blade.compiler', Array)
#7 Command line code(1): app('Illuminate\\\\View...')
#8 {main}
  thrown at /Users/shehzad/Documents/projects/training/oop/Bank/vendor/laravel/framework/src/Illuminate/View/Compilers/Compiler.php:67)
[stacktrace]
#0 {main}
"} 
[2024-04-15 09:18:21] local.ERROR: Uncaught InvalidArgumentException: Please provide a valid cache path. in /Users/shehzad/Documents/projects/training/oop/Bank/vendor/laravel/framework/src/Illuminate/View/Compilers/Compiler.php:67
Stack trace:
#0 /Users/shehzad/Documents/projects/training/oop/Bank/vendor/laravel/framework/src/Illuminate/View/ViewServiceProvider.php(96): Illuminate\View\Compilers\Compiler->__construct(Object(Illuminate\Filesystem\Filesystem), false, '', true, 'php')
#1 /Users/shehzad/Documents/projects/training/oop/Bank/vendor/laravel/framework/src/Illuminate/Container/Container.php(900): Illuminate\View\ViewServiceProvider->Illuminate\View\{closure}(Object(Illuminate\Foundation\Application), Array)
#2 /Users/shehzad/Documents/projects/training/oop/Bank/vendor/laravel/framework/src/Illuminate/Container/Container.php(787): Illuminate\Container\Container->build(Object(Closure))
#3 /Users/shehzad/Documents/projects/training/oop/Bank/vendor/laravel/framework/src/Illuminate/Foundation/Application.php(1026): Illuminate\Container\Container->resolve('blade.compiler', Array, true)
#4 /Users/shehzad/Documents/projects/training/oop/Bank/vendor/laravel/framework/src/Illuminate/Container/Container.php(723): Illuminate\Foundation\Application->resolve('blade.compiler', Array)
#5 /Users/shehzad/Documents/projects/training/oop/Bank/vendor/laravel/framework/src/Illuminate/Foundation/Application.php(1011): Illuminate\Container\Container->make('blade.compiler', Array)
#6 /Users/shehzad/Documents/projects/training/oop/Bank/vendor/laravel/framework/src/Illuminate/Foundation/helpers.php(122): Illuminate\Foundation\Application->make('blade.compiler', Array)
#7 Command line code(1): app('Illuminate\\View...')
#8 {main}
  thrown {"exception":"[object] (Symfony\\Component\\ErrorHandler\\Error\\FatalError(code: 0): Uncaught InvalidArgumentException: Please provide a valid cache path. in /Users/shehzad/Documents/projects/training/oop/Bank/vendor/laravel/framework/src/Illuminate/View/Compilers/Compiler.php:67
Stack trace:
#0 /Users/shehzad/Documents/projects/training/oop/Bank/vendor/laravel/framework/src/Illuminate/View/ViewServiceProvider.php(96): Illuminate\\View\\Compilers\\Compiler->__construct(Object(Illuminate\\Filesystem\\Filesystem), false, '', true, 'php')
#1 /Users/shehzad/Documents/projects/training/oop/Bank/vendor/laravel/framework/src/Illuminate/Container/Container.php(900): Illuminate\\View\\ViewServiceProvider->Illuminate\\View\\{closure}(Object(Illuminate\\Foundation\\Application), Array)
#2 /Users/shehzad/Documents/projects/training/oop/Bank/vendor/laravel/framework/src/Illuminate/Container/Container.php(787): Illuminate\\Container\\Container->build(Object(Closure))
#3 /Users/shehzad/Documents/projects/training/oop/Bank/vendor/laravel/framework/src/Illuminate/Foundation/Application.php(1026): Illuminate\\Container\\Container->resolve('blade.compiler', Array, true)
#4 /Users/shehzad/Documents/projects/training/oop/Bank/vendor/laravel/framework/src/Illuminate/Container/Container.php(723): Illuminate\\Foundation\\Application->resolve('blade.compiler', Array)
#5 /Users/shehzad/Documents/projects/training/oop/Bank/vendor/laravel/framework/src/Illuminate/Foundation/Application.php(1011): Illuminate\\Container\\Container->make('blade.compiler', Array)
#6 /Users/shehzad/Documents/projects/training/oop/Bank/vendor/laravel/framework/src/Illuminate/Foundation/helpers.php(122): Illuminate\\Foundation\\Application->make('blade.compiler', Array)
#7 Command line code(1): app('Illuminate\\\\View...')
#8 {main}
  thrown at /Users/shehzad/Documents/projects/training/oop/Bank/vendor/laravel/framework/src/Illuminate/View/Compilers/Compiler.php:67)
[stacktrace]
#0 {main}
"} 
[2024-04-15 09:28:21] local.ERROR: Uncaught InvalidArgumentException: Please provide a valid cache path. in /Users/shehzad/Documents/projects/training/oop/Bank/vendor/laravel/framework/src/Illuminate/View/Compilers/Compiler.php:67
Stack trace:
#0 /Users/shehzad/Documents/projects/training/oop/Bank/vendor/laravel/framework/src/Illuminate/View/ViewServiceProvider.php(96): Illuminate\View\Compilers\Compiler->__construct(Object(Illuminate\Filesystem\Filesystem), false, '', true, 'php')
#1 /Users/shehzad/Documents/projects/training/oop/Bank/vendor/laravel/framework/src/Illuminate/Container/Container.php(900): Illuminate\View\ViewServiceProvider->Illuminate\View\{closure}(Object(Illuminate\Foundation\Application), Array)
#2 /Users/shehzad/Documents/projects/training/oop/Bank/vendor/laravel/framework/src/Illuminate/Container/Container.php(787): Illuminate\Container\Container->build(Object(Closure))
#3 /Users/shehzad/Documents/projects/training/oop/Bank/vendor/laravel/framework/src/Illuminate/Foundation/Application.php(1026): Illuminate\Container\Container->resolve('blade.compiler', Array, true)
#4 /Users/shehzad/Documents/projects/training/oop/Bank/vendor/laravel/framework/src/Illuminate/Container/Container.php(723): Illuminate\Foundation\Application->resolve('blade.compiler', Array)
#5 /Users/shehzad/Documents/projects/training/oop/Bank/vendor/laravel/framework/src/Illuminate/Foundation/Application.php(1011): Illuminate\Container\Container->make('blade.compiler', Array)
#6 /Users/shehzad/Documents/projects/training/oop/Bank/vendor/laravel/framework/src/Illuminate/Foundation/helpers.php(122): Illuminate\Foundation\Application->make('blade.compiler', Array)
#7 Command line code(1): app('Illuminate\\View...')
#8 {main}
  thrown {"exception":"[object] (Symfony\\Component\\ErrorHandler\\Error\\FatalError(code: 0): Uncaught InvalidArgumentException: Please provide a valid cache path. in /Users/shehzad/Documents/projects/training/oop/Bank/vendor/laravel/framework/src/Illuminate/View/Compilers/Compiler.php:67
Stack trace:
#0 /Users/shehzad/Documents/projects/training/oop/Bank/vendor/laravel/framework/src/Illuminate/View/ViewServiceProvider.php(96): Illuminate\\View\\Compilers\\Compiler->__construct(Object(Illuminate\\Filesystem\\Filesystem), false, '', true, 'php')
#1 /Users/shehzad/Documents/projects/training/oop/Bank/vendor/laravel/framework/src/Illuminate/Container/Container.php(900): Illuminate\\View\\ViewServiceProvider->Illuminate\\View\\{closure}(Object(Illuminate\\Foundation\\Application), Array)
#2 /Users/shehzad/Documents/projects/training/oop/Bank/vendor/laravel/framework/src/Illuminate/Container/Container.php(787): Illuminate\\Container\\Container->build(Object(Closure))
#3 /Users/shehzad/Documents/projects/training/oop/Bank/vendor/laravel/framework/src/Illuminate/Foundation/Application.php(1026): Illuminate\\Container\\Container->resolve('blade.compiler', Array, true)
#4 /Users/shehzad/Documents/projects/training/oop/Bank/vendor/laravel/framework/src/Illuminate/Container/Container.php(723): Illuminate\\Foundation\\Application->resolve('blade.compiler', Array)
#5 /Users/shehzad/Documents/projects/training/oop/Bank/vendor/laravel/framework/src/Illuminate/Foundation/Application.php(1011): Illuminate\\Container\\Container->make('blade.compiler', Array)
#6 /Users/shehzad/Documents/projects/training/oop/Bank/vendor/laravel/framework/src/Illuminate/Foundation/helpers.php(122): Illuminate\\Foundation\\Application->make('blade.compiler', Array)
#7 Command line code(1): app('Illuminate\\\\View...')
#8 {main}
  thrown at /Users/shehzad/Documents/projects/training/oop/Bank/vendor/laravel/framework/src/Illuminate/View/Compilers/Compiler.php:67)
[stacktrace]
#0 {main}
"} 
